<?xml version="1.0" encoding="UTF-8"?>
<!-- Generated by org.testng.reporters.JUnitReportReporter -->
<testsuite hostname="DESKTOP-4J5DF41" failures="0" tests="2" name="test.Serialization" time="2.813" errors="0" timestamp="2024-10-08T18:44:33 IST" skipped="1">
  <testcase classname="test.Serialization" name="serializationWithJsonSimple" time="2.813"/>
  <testcase classname="test.Serialization" name="serialization">
    <skipped/>
  </testcase> <!-- serialization -->
</testsuite> <!-- test.Serialization -->
