<?xml version="1.0" encoding="UTF-8"?>
<!-- Generated by org.testng.reporters.JUnitReportReporter -->
<testsuite hostname="DESKTOP-4J5DF41" failures="0" tests="2" name="assertRoom.Room" time="2.711" errors="0" timestamp="2024-10-22T18:38:36 IST" skipped="1">
  <testcase classname="assertRoom.Room" name="post_list_room_view_id" time="2.711"/>
  <testcase classname="assertRoom.Room" name="getlist_all_rooms">
    <skipped/>
  </testcase> <!-- getlist_all_rooms -->
</testsuite> <!-- assertRoom.Room -->
