<?xml version="1.0" encoding="UTF-8"?>
<!-- Generated by org.testng.reporters.JUnitReportReporter -->
<testsuite hostname="DESKTOP-4J5DF41" failures="0" tests="3" name="test.GetAndPostExample" time="2.526" errors="0" timestamp="2024-10-08T14:52:30 IST" skipped="2">
  <testcase classname="test.GetAndPostExample" name="createRoomFromJsonFile" time="2.526"/>
  <testcase classname="test.GetAndPostExample" name="getMethod">
    <skipped/>
  </testcase> <!-- getMethod -->
  <testcase classname="test.GetAndPostExample" name="postMenthod">
    <skipped/>
  </testcase> <!-- postMenthod -->
</testsuite> <!-- test.GetAndPostExample -->
