<?xml version="1.0" encoding="UTF-8"?>
<!-- Generated by org.testng.reporters.JUnitReportReporter -->
<testsuite hostname="DESKTOP-4J5DF41" failures="0" tests="2" name="assertBranch.Branch" time="2.709" errors="0" timestamp="2024-10-22T18:05:03 IST" skipped="1">
  <testcase classname="assertBranch.Branch" name="postreg_asset_branch" time="2.709"/>
  <testcase classname="assertBranch.Branch" name="getMethod">
    <skipped/>
  </testcase> <!-- getMethod -->
</testsuite> <!-- assertBranch.Branch -->
