<?xml version="1.0" encoding="UTF-8"?>
<!-- Generated by org.testng.reporters.JUnitReportReporter -->
<testsuite hostname="DESKTOP-4J5DF41" failures="0" tests="1" name="assertBed.Bed" time="2.563" errors="0" timestamp="2024-10-22T18:39:13 IST" skipped="0">
  <testcase classname="assertBed.Bed" name="postreg_asset_bed" time="2.563"/>
</testsuite> <!-- assertBed.Bed -->
